<?xml version="1.0" encoding="UTF-8"?>
<testsuite time="0.69" failures="0" tests="1" name="FeatureList" >
  <testcase time="0.603" classname="FeatureList" name="Eco.setup" />
  <testcase time="0.072" classname="FeatureList" name="tf_sample.simple.feature" />
</testsuite>